Command line:
   button_tb_isim_beh.exe
     -simmode  gui
     -simrunnum  0
     -socket  56139

Mon May  6 10:18:58 2024


 Elaboration Time: 0.03 sec

 Current Memory Usage: 183.98 Meg

 Total Signals          : 30
 Total Nets             : 24
 Total Signal Drivers   : 16
 Total Blocks           : 4
 Total Primitive Blocks : 2
 Total Processes        : 22
 Total Traceable Variables  : 28
 Total Scalar Nets and Variables : 173
Total Line Count : 80
Total Line Count : 80

 Total Simulation Time: 6.4 sec

 Current Memory Usage: 259.482 Meg

Mon May  6 10:21:46 2024

