Command line:
   traffic_light_tb_isim_beh.exe
     -simmode  gui
     -simrunnum  0
     -socket  54607

Sat May 11 01:04:23 2024


 Elaboration Time: 0.02 sec

 Current Memory Usage: 186.229 Meg

 Total Signals          : 27
 Total Nets             : 21
 Total Signal Drivers   : 13
 Total Blocks           : 4
 Total Primitive Blocks : 2
 Total Processes        : 19
 Total Traceable Variables  : 26
 Total Scalar Nets and Variables : 171
Total Line Count : 72

 Total Simulation Time: 99.05 sec

 Current Memory Usage: 261.73 Meg

Sat May 11 01:07:17 2024

