Release 14.7 - xst P.20131013 (lin64)
Copyright (c) 1995-2013 Xilinx, Inc.  All rights reserved.
--> 
Parameter TMPDIR set to xst/projnav.tmp


Total REAL time to Xst completion: 0.00 secs
Total CPU time to Xst completion: 0.03 secs
 
--> 
Parameter xsthdpdir set to xst


Total REAL time to Xst completion: 0.00 secs
Total CPU time to Xst completion: 0.03 secs
 
--> 
Reading design: max_pooling.prj

TABLE OF CONTENTS
  1) Synthesis Options Summary
  2) HDL Parsing
  3) HDL Elaboration
  4) HDL Synthesis
       4.1) HDL Synthesis Report
  5) Advanced HDL Synthesis
       5.1) Advanced HDL Synthesis Report
  6) Low Level Synthesis
  7) Partition Report
  8) Design Summary
       8.1) Primitive and Black Box Usage
       8.2) Device utilization summary
       8.3) Partition Resource Summary
       8.4) Timing Report
            8.4.1) Clock Information
            8.4.2) Asynchronous Control Signals Information
            8.4.3) Timing Summary
            8.4.4) Timing Details
            8.4.5) Cross Clock Domains Report


=========================================================================
*                      Synthesis Options Summary                        *
=========================================================================
---- Source Parameters
Input File Name                    : "max_pooling.prj"
Ignore Synthesis Constraint File   : NO

---- Target Parameters
Output File Name                   : "max_pooling"
Output Format                      : NGC
Target Device                      : xc7a100t-3-csg324

---- Source Options
Top Module Name                    : max_pooling
Automatic FSM Extraction           : YES
FSM Encoding Algorithm             : Auto
Safe Implementation                : No
FSM Style                          : LUT
RAM Extraction                     : Yes
RAM Style                          : Auto
ROM Extraction                     : Yes
Shift Register Extraction          : YES
ROM Style                          : Auto
Resource Sharing                   : YES
Asynchronous To Synchronous        : NO
Shift Register Minimum Size        : 2
Use DSP Block                      : Auto
Automatic Register Balancing       : No

---- Target Options
LUT Combining                      : Auto
Reduce Control Sets                : Auto
Add IO Buffers                     : YES
Global Maximum Fanout              : 100000
Add Generic Clock Buffer(BUFG)     : 32
Register Duplication               : YES
Optimize Instantiated Primitives   : NO
Use Clock Enable                   : Auto
Use Synchronous Set                : Auto
Use Synchronous Reset              : Auto
Pack IO Registers into IOBs        : Auto
Equivalent register Removal        : YES

---- General Options
Optimization Goal                  : Speed
Optimization Effort                : 1
Power Reduction                    : NO
Keep Hierarchy                     : No
Netlist Hierarchy                  : As_Optimized
RTL Output                         : Yes
Global Optimization                : AllClockNets
Read Cores                         : YES
Write Timing Constraints           : NO
Cross Clock Analysis               : NO
Hierarchy Separator                : /
Bus Delimiter                      : <>
Case Specifier                     : Maintain
Slice Utilization Ratio            : 100
BRAM Utilization Ratio             : 100
DSP48 Utilization Ratio            : 100
Auto BRAM Packing                  : NO
Slice Utilization Ratio Delta      : 5

=========================================================================


=========================================================================
*                          HDL Parsing                                  *
=========================================================================
Analyzing Verilog file "/home/yuan/Desktop/fgpa/max_pooling/max_pooling.v" into library work
Parsing module <max_pooling>.

=========================================================================
*                            HDL Elaboration                            *
=========================================================================

Elaborating module <max_pooling>.

=========================================================================
*                           HDL Synthesis                               *
=========================================================================

Synthesizing Unit <max_pooling>.
    Related source file is "/home/yuan/Desktop/fgpa/max_pooling/max_pooling.v".
    Found 4-bit register for signal <max_value_0>.
    Found 16-bit register for signal <n0063>.
    Found 4-bit register for signal <max_value_1>.
    Found 4-bit register for signal <max_value_2>.
    Found 4-bit register for signal <max_value_3>.
    Found 64-bit register for signal <n0062>.
    Found 4-bit comparator lessequal for signal <max_value_0[3]_reg_data[0][3]_LessThan_2_o> created at line 71
    Found 4-bit comparator greater for signal <max_value_0[3]_reg_data[1][3]_LessThan_4_o> created at line 74
    Found 4-bit comparator greater for signal <max_value_0[3]_reg_data[4][3]_LessThan_6_o> created at line 77
    Found 4-bit comparator greater for signal <max_value_0[3]_reg_data[5][3]_LessThan_8_o> created at line 80
    Found 4-bit comparator lessequal for signal <max_value_1[3]_reg_data[2][3]_LessThan_10_o> created at line 85
    Found 4-bit comparator greater for signal <max_value_1[3]_reg_data[3][3]_LessThan_12_o> created at line 88
    Found 4-bit comparator greater for signal <max_value_1[3]_reg_data[6][3]_LessThan_14_o> created at line 91
    Found 4-bit comparator greater for signal <max_value_1[3]_reg_data[7][3]_LessThan_16_o> created at line 94
    Found 4-bit comparator lessequal for signal <max_value_2[3]_reg_data[8][3]_LessThan_18_o> created at line 99
    Found 4-bit comparator greater for signal <max_value_2[3]_reg_data[9][3]_LessThan_20_o> created at line 102
    Found 4-bit comparator greater for signal <max_value_2[3]_reg_data[12][3]_LessThan_22_o> created at line 105
    Found 4-bit comparator greater for signal <max_value_2[3]_reg_data[13][3]_LessThan_24_o> created at line 108
    Found 4-bit comparator lessequal for signal <max_value_3[3]_reg_data[10][3]_LessThan_26_o> created at line 113
    Found 4-bit comparator greater for signal <max_value_3[3]_reg_data[11][3]_LessThan_28_o> created at line 116
    Found 4-bit comparator greater for signal <max_value_3[3]_reg_data[14][3]_LessThan_30_o> created at line 119
    Found 4-bit comparator greater for signal <max_value_3[3]_reg_data[15][3]_LessThan_32_o> created at line 122
    Summary:
	inferred  96 D-type flip-flop(s).
	inferred  16 Comparator(s).
	inferred  12 Multiplexer(s).
Unit <max_pooling> synthesized.

=========================================================================
HDL Synthesis Report

Macro Statistics
# Registers                                            : 6
 16-bit register                                       : 1
 4-bit register                                        : 4
 64-bit register                                       : 1
# Comparators                                          : 16
 4-bit comparator greater                              : 12
 4-bit comparator lessequal                            : 4
# Multiplexers                                         : 12
 4-bit 2-to-1 multiplexer                              : 12

=========================================================================

=========================================================================
*                       Advanced HDL Synthesis                          *
=========================================================================


=========================================================================
Advanced HDL Synthesis Report

Macro Statistics
# Registers                                            : 96
 Flip-Flops                                            : 96
# Comparators                                          : 16
 4-bit comparator greater                              : 12
 4-bit comparator lessequal                            : 4
# Multiplexers                                         : 48
 1-bit 2-to-1 multiplexer                              : 48

=========================================================================

=========================================================================
*                         Low Level Synthesis                           *
=========================================================================

Optimizing unit <max_pooling> ...

Mapping all equations...
Building and optimizing final netlist ...
Found area constraint ratio of 100 (+ 5) on block max_pooling, actual ratio is 0.

Final Macro Processing ...

=========================================================================
Final Register Report

Macro Statistics
# Registers                                            : 96
 Flip-Flops                                            : 96

=========================================================================

=========================================================================
*                           Partition Report                            *
=========================================================================

Partition Implementation Status
-------------------------------

  No Partitions were found in this design.

-------------------------------

=========================================================================
*                            Design Summary                             *
=========================================================================

Top Level Output File Name         : max_pooling.ngc

Primitive and Black Box Usage:
------------------------------
# BELS                             : 80
#      LUT3                        : 8
#      LUT4                        : 12
#      LUT5                        : 28
#      LUT6                        : 32
# FlipFlops/Latches                : 96
#      FD                          : 80
#      FDE                         : 16
# Clock Buffers                    : 1
#      BUFGP                       : 1
# IO Buffers                       : 80
#      IBUF                        : 64
#      OBUF                        : 16

Device utilization summary:
---------------------------

Selected Device : 7a100tcsg324-3 


Slice Logic Utilization: 
 Number of Slice Registers:              96  out of  126800     0%  
 Number of Slice LUTs:                   80  out of  63400     0%  
    Number used as Logic:                80  out of  63400     0%  

Slice Logic Distribution: 
 Number of LUT Flip Flop pairs used:    160
   Number with an unused Flip Flop:      64  out of    160    40%  
   Number with an unused LUT:            80  out of    160    50%  
   Number of fully used LUT-FF pairs:    16  out of    160    10%  
   Number of unique control sets:         5

IO Utilization: 
 Number of IOs:                          81
 Number of bonded IOBs:                  81  out of    210    38%  

Specific Feature Utilization:
 Number of BUFG/BUFGCTRLs:                1  out of     32     3%  

---------------------------
Partition Resource Summary:
---------------------------

  No Partitions were found in this design.

---------------------------


=========================================================================
Timing Report

NOTE: THESE TIMING NUMBERS ARE ONLY A SYNTHESIS ESTIMATE.
      FOR ACCURATE TIMING INFORMATION PLEASE REFER TO THE TRACE REPORT
      GENERATED AFTER PLACE-and-ROUTE.

Clock Information:
------------------
-----------------------------------+------------------------+-------+
Clock Signal                       | Clock buffer(FF name)  | Load  |
-----------------------------------+------------------------+-------+
clk                                | BUFGP                  | 96    |
-----------------------------------+------------------------+-------+

Asynchronous Control Signals Information:
----------------------------------------
No asynchronous control signals found in this design

Timing Summary:
---------------
Speed Grade: -3

   Minimum period: 2.426ns (Maximum Frequency: 412.150MHz)
   Minimum input arrival time before clock: 0.288ns
   Maximum output required time after clock: 0.640ns
   Maximum combinational path delay: No path found

Timing Details:
---------------
All values displayed in nanoseconds (ns)

=========================================================================
Timing constraint: Default period analysis for Clock 'clk'
  Clock period: 2.426ns (frequency: 412.150MHz)
  Total number of paths / destination ports: 1096 / 48
-------------------------------------------------------------------------
Delay:               2.426ns (Levels of Logic = 3)
  Source:            reg_data_0_5 (FF)
  Destination:       max_value_0_0 (FF)
  Source Clock:      clk rising
  Destination Clock: clk rising

  Data Path: reg_data_0_5 to max_value_0_0
                                Gate     Net
    Cell:in->out      fanout   Delay   Delay  Logical Name (Net Name)
    ----------------------------------------  ------------
     FD:C->Q               2   0.361   0.560  reg_data_0_5 (reg_data_0_5)
     LUT4:I0->O            1   0.097   0.295  max_value_0[3]_reg_data[1][3]_LessThan_4_o11 (max_value_0[3]_reg_data[1][3]_LessThan_4_o1)
     LUT5:I4->O            5   0.097   0.530  max_value_0[3]_reg_data[1][3]_LessThan_4_o12 (max_value_0[3]_reg_data[1][3]_LessThan_4_o)
     LUT6:I3->O            4   0.097   0.293  _n0092_inv (_n0092_inv)
     FDE:CE                    0.095          max_value_0_0
    ----------------------------------------
    Total                      2.426ns (0.747ns logic, 1.679ns route)
                                       (30.8% logic, 69.2% route)

=========================================================================
Timing constraint: Default OFFSET IN BEFORE for Clock 'clk'
  Total number of paths / destination ports: 64 / 64
-------------------------------------------------------------------------
Offset:              0.288ns (Levels of Logic = 1)
  Source:            dataIN0_0<0> (PAD)
  Destination:       reg_data_0_0 (FF)
  Destination Clock: clk rising

  Data Path: dataIN0_0<0> to reg_data_0_0
                                Gate     Net
    Cell:in->out      fanout   Delay   Delay  Logical Name (Net Name)
    ----------------------------------------  ------------
     IBUF:I->O             1   0.001   0.279  dataIN0_0_0_IBUF (dataIN0_0_0_IBUF)
     FD:D                      0.008          reg_data_0_0
    ----------------------------------------
    Total                      0.288ns (0.009ns logic, 0.279ns route)
                                       (3.1% logic, 96.9% route)

=========================================================================
Timing constraint: Default OFFSET OUT AFTER for Clock 'clk'
  Total number of paths / destination ports: 16 / 16
-------------------------------------------------------------------------
Offset:              0.640ns (Levels of Logic = 1)
  Source:            reg_out_0_3 (FF)
  Destination:       dataOUT0_0<3> (PAD)
  Source Clock:      clk rising

  Data Path: reg_out_0_3 to dataOUT0_0<3>
                                Gate     Net
    Cell:in->out      fanout   Delay   Delay  Logical Name (Net Name)
    ----------------------------------------  ------------
     FD:C->Q               1   0.361   0.279  reg_out_0_3 (reg_out_0_3)
     OBUF:I->O                 0.000          dataOUT0_0_3_OBUF (dataOUT0_0<3>)
    ----------------------------------------
    Total                      0.640ns (0.361ns logic, 0.279ns route)
                                       (56.4% logic, 43.6% route)

=========================================================================

Cross Clock Domains Report:
--------------------------

Clock to Setup on destination clock clk
---------------+---------+---------+---------+---------+
               | Src:Rise| Src:Fall| Src:Rise| Src:Fall|
Source Clock   |Dest:Rise|Dest:Rise|Dest:Fall|Dest:Fall|
---------------+---------+---------+---------+---------+
clk            |    2.426|         |         |         |
---------------+---------+---------+---------+---------+

=========================================================================


Total REAL time to Xst completion: 4.00 secs
Total CPU time to Xst completion: 4.24 secs
 
--> 


Total memory usage is 494660 kilobytes

Number of errors   :    0 (   0 filtered)
Number of warnings :    0 (   0 filtered)
Number of infos    :    0 (   0 filtered)

