Command line:
   button_isim_beh.exe
     -simmode  gui
     -simrunnum  0
     -socket  44201

Mon May  6 10:07:18 2024


 Elaboration Time: 0.01 sec

 Current Memory Usage: 183.976 Meg

 Total Signals          : 26
 Total Nets             : 24
 Total Signal Drivers   : 10
 Total Blocks           : 3
 Total Primitive Blocks : 2
 Total Processes        : 14
 Total Traceable Variables  : 22
 Total Scalar Nets and Variables : 167
Total Line Count : 43

 Total Simulation Time: 0.04 sec

 Current Memory Usage: 259.478 Meg

Mon May  6 10:07:37 2024

