Release 14.7 - xst P.20131013 (lin64)
Copyright (c) 1995-2013 Xilinx, Inc.  All rights reserved.
--> 
Parameter TMPDIR set to xst/projnav.tmp


Total REAL time to Xst completion: 0.00 secs
Total CPU time to Xst completion: 0.01 secs
 
--> 
Parameter xsthdpdir set to xst


Total REAL time to Xst completion: 0.00 secs
Total CPU time to Xst completion: 0.01 secs
 
--> 
Reading design: stpper_motor.prj

TABLE OF CONTENTS
  1) Synthesis Options Summary
  2) HDL Parsing
  3) HDL Elaboration
  4) HDL Synthesis
       4.1) HDL Synthesis Report
  5) Advanced HDL Synthesis
       5.1) Advanced HDL Synthesis Report
  6) Low Level Synthesis
  7) Partition Report
  8) Design Summary
       8.1) Primitive and Black Box Usage
       8.2) Device utilization summary
       8.3) Partition Resource Summary
       8.4) Timing Report
            8.4.1) Clock Information
            8.4.2) Asynchronous Control Signals Information
            8.4.3) Timing Summary
            8.4.4) Timing Details
            8.4.5) Cross Clock Domains Report


=========================================================================
*                      Synthesis Options Summary                        *
=========================================================================
---- Source Parameters
Input File Name                    : "stpper_motor.prj"
Ignore Synthesis Constraint File   : NO

---- Target Parameters
Output File Name                   : "stpper_motor"
Output Format                      : NGC
Target Device                      : xc6slx16-3-csg324

---- Source Options
Top Module Name                    : stpper_motor
Automatic FSM Extraction           : YES
FSM Encoding Algorithm             : Auto
Safe Implementation                : No
FSM Style                          : LUT
RAM Extraction                     : Yes
RAM Style                          : Auto
ROM Extraction                     : Yes
Shift Register Extraction          : YES
ROM Style                          : Auto
Resource Sharing                   : YES
Asynchronous To Synchronous        : NO
Shift Register Minimum Size        : 2
Use DSP Block                      : Auto
Automatic Register Balancing       : No

---- Target Options
LUT Combining                      : Auto
Reduce Control Sets                : Auto
Add IO Buffers                     : YES
Global Maximum Fanout              : 100000
Add Generic Clock Buffer(BUFG)     : 16
Register Duplication               : YES
Optimize Instantiated Primitives   : NO
Use Clock Enable                   : Auto
Use Synchronous Set                : Auto
Use Synchronous Reset              : Auto
Pack IO Registers into IOBs        : Auto
Equivalent register Removal        : YES

---- General Options
Optimization Goal                  : Speed
Optimization Effort                : 1
Power Reduction                    : NO
Keep Hierarchy                     : No
Netlist Hierarchy                  : As_Optimized
RTL Output                         : Yes
Global Optimization                : AllClockNets
Read Cores                         : YES
Write Timing Constraints           : NO
Cross Clock Analysis               : NO
Hierarchy Separator                : /
Bus Delimiter                      : <>
Case Specifier                     : Maintain
Slice Utilization Ratio            : 100
BRAM Utilization Ratio             : 100
DSP48 Utilization Ratio            : 100
Auto BRAM Packing                  : NO
Slice Utilization Ratio Delta      : 5

=========================================================================


=========================================================================
*                          HDL Parsing                                  *
=========================================================================
Analyzing Verilog file "/home/yuan/Desktop/FPGA/stepper_moter/freq_divider.v" into library work
Parsing module <freq_divider>.
Analyzing Verilog file "/home/yuan/Desktop/FPGA/stepper_moter/stpper_motor.v" into library work
Parsing module <stpper_motor>.

=========================================================================
*                            HDL Elaboration                            *
=========================================================================

Elaborating module <stpper_motor>.

Elaborating module <freq_divider>.

=========================================================================
*                           HDL Synthesis                               *
=========================================================================

Synthesizing Unit <stpper_motor>.
    Related source file is "/home/yuan/Desktop/FPGA/stepper_moter/stpper_motor.v".
    Found 2-bit register for signal <LED>.
    Found 2-bit register for signal <states>.
    Found finite state machine <FSM_0> for signal <states>.
    -----------------------------------------------------------------------
    | States             | 4                                              |
    | Transitions        | 8                                              |
    | Inputs             | 1                                              |
    | Outputs            | 2                                              |
    | Clock              | clk_1 (rising_edge)                            |
    | Reset              | _n0041 (positive)                              |
    | Reset type         | synchronous                                    |
    | Reset State        | 00                                             |
    | Power Up State     | 00                                             |
    | Encoding           | auto                                           |
    | Implementation     | LUT                                            |
    -----------------------------------------------------------------------
    Summary:
	inferred   2 D-type flip-flop(s).
	inferred   1 Finite State Machine(s).
Unit <stpper_motor> synthesized.

Synthesizing Unit <freq_divider>.
    Related source file is "/home/yuan/Desktop/FPGA/stepper_moter/freq_divider.v".
        N = 15000000
    Found 26-bit register for signal <count>.
    Found 1-bit register for signal <clk_out>.
    Found 26-bit adder for signal <count[25]_GND_2_o_add_1_OUT> created at line 36.
    Found 26-bit comparator greater for signal <count[25]_GND_2_o_LessThan_5_o> created at line 42
    Summary:
	inferred   1 Adder/Subtractor(s).
	inferred  27 D-type flip-flop(s).
	inferred   1 Comparator(s).
	inferred   1 Multiplexer(s).
Unit <freq_divider> synthesized.

=========================================================================
HDL Synthesis Report

Macro Statistics
# Adders/Subtractors                                   : 1
 26-bit adder                                          : 1
# Registers                                            : 3
 1-bit register                                        : 1
 2-bit register                                        : 1
 26-bit register                                       : 1
# Comparators                                          : 1
 26-bit comparator greater                             : 1
# Multiplexers                                         : 1
 26-bit 2-to-1 multiplexer                             : 1
# FSMs                                                 : 1

=========================================================================

=========================================================================
*                       Advanced HDL Synthesis                          *
=========================================================================


Synthesizing (advanced) Unit <freq_divider>.
The following registers are absorbed into counter <count>: 1 register on signal <count>.
Unit <freq_divider> synthesized (advanced).

=========================================================================
Advanced HDL Synthesis Report

Macro Statistics
# Counters                                             : 1
 26-bit up counter                                     : 1
# Registers                                            : 3
 Flip-Flops                                            : 3
# Comparators                                          : 1
 26-bit comparator greater                             : 1
# FSMs                                                 : 1

=========================================================================

=========================================================================
*                         Low Level Synthesis                           *
=========================================================================
Analyzing FSM <MFsm> for best encoding.
Optimizing FSM <FSM_0> on signal <states[1:2]> with user encoding.
-------------------
 State | Encoding
-------------------
 00    | 00
 11    | 11
 01    | 01
 10    | 10
-------------------

Optimizing unit <stpper_motor> ...

Mapping all equations...
Building and optimizing final netlist ...
Found area constraint ratio of 100 (+ 5) on block stpper_motor, actual ratio is 1.

Final Macro Processing ...

=========================================================================
Final Register Report

Macro Statistics
# Registers                                            : 31
 Flip-Flops                                            : 31

=========================================================================

=========================================================================
*                           Partition Report                            *
=========================================================================

Partition Implementation Status
-------------------------------

  No Partitions were found in this design.

-------------------------------

=========================================================================
*                            Design Summary                             *
=========================================================================

Top Level Output File Name         : stpper_motor.ngc

Primitive and Black Box Usage:
------------------------------
# BELS                             : 130
#      GND                         : 1
#      INV                         : 4
#      LUT1                        : 25
#      LUT2                        : 30
#      LUT3                        : 1
#      LUT5                        : 6
#      LUT6                        : 6
#      MUXCY                       : 30
#      VCC                         : 1
#      XORCY                       : 26
# FlipFlops/Latches                : 31
#      FD                          : 2
#      FDC                         : 27
#      FDR                         : 2
# Clock Buffers                    : 1
#      BUFGP                       : 1
# IO Buffers                       : 4
#      IBUF                        : 2
#      OBUF                        : 2

Device utilization summary:
---------------------------

Selected Device : 6slx16csg324-3 


Slice Logic Utilization: 
 Number of Slice Registers:              31  out of  18224     0%  
 Number of Slice LUTs:                   72  out of   9112     0%  
    Number used as Logic:                72  out of   9112     0%  

Slice Logic Distribution: 
 Number of LUT Flip Flop pairs used:     72
   Number with an unused Flip Flop:      41  out of     72    56%  
   Number with an unused LUT:             0  out of     72     0%  
   Number of fully used LUT-FF pairs:    31  out of     72    43%  
   Number of unique control sets:         3

IO Utilization: 
 Number of IOs:                           5
 Number of bonded IOBs:                   5  out of    232     2%  

Specific Feature Utilization:
 Number of BUFG/BUFGCTRLs:                1  out of     16     6%  

---------------------------
Partition Resource Summary:
---------------------------

  No Partitions were found in this design.

---------------------------


=========================================================================
Timing Report

NOTE: THESE TIMING NUMBERS ARE ONLY A SYNTHESIS ESTIMATE.
      FOR ACCURATE TIMING INFORMATION PLEASE REFER TO THE TRACE REPORT
      GENERATED AFTER PLACE-and-ROUTE.

Clock Information:
------------------
-----------------------------------+------------------------+-------+
Clock Signal                       | Clock buffer(FF name)  | Load  |
-----------------------------------+------------------------+-------+
CLK_1hz/clk_out                    | NONE(led_reg_0)        | 4     |
clk_in                             | BUFGP                  | 27    |
-----------------------------------+------------------------+-------+
INFO:Xst:2169 - HDL ADVISOR - Some clock signals were not automatically buffered by XST with BUFG/BUFR resources. Please use the buffer_type constraint in order to insert these buffers to the clock signals to help prevent skew problems.

Asynchronous Control Signals Information:
----------------------------------------
No asynchronous control signals found in this design

Timing Summary:
---------------
Speed Grade: -3

   Minimum period: 3.964ns (Maximum Frequency: 252.296MHz)
   Minimum input arrival time before clock: 2.872ns
   Maximum output required time after clock: 3.597ns
   Maximum combinational path delay: No path found

Timing Details:
---------------
All values displayed in nanoseconds (ns)

=========================================================================
Timing constraint: Default period analysis for Clock 'CLK_1hz/clk_out'
  Clock period: 2.016ns (frequency: 495.933MHz)
  Total number of paths / destination ports: 7 / 4
-------------------------------------------------------------------------
Delay:               2.016ns (Levels of Logic = 1)
  Source:            states_FSM_FFd2 (FF)
  Destination:       states_FSM_FFd2 (FF)
  Source Clock:      CLK_1hz/clk_out rising
  Destination Clock: CLK_1hz/clk_out rising

  Data Path: states_FSM_FFd2 to states_FSM_FFd2
                                Gate     Net
    Cell:in->out      fanout   Delay   Delay  Logical Name (Net Name)
    ----------------------------------------  ------------
     FDR:C->Q              4   0.447   0.683  states_FSM_FFd2 (states_FSM_FFd2)
     INV:I->O              1   0.206   0.579  states_FSM_FFd2-In1_INV_0 (states_FSM_FFd2-In)
     FDR:D                     0.102          states_FSM_FFd2
    ----------------------------------------
    Total                      2.016ns (0.755ns logic, 1.261ns route)
                                       (37.4% logic, 62.6% route)

=========================================================================
Timing constraint: Default period analysis for Clock 'clk_in'
  Clock period: 3.964ns (frequency: 252.296MHz)
  Total number of paths / destination ports: 1063 / 27
-------------------------------------------------------------------------
Delay:               3.964ns (Levels of Logic = 3)
  Source:            CLK_1hz/count_3 (FF)
  Destination:       CLK_1hz/count_12 (FF)
  Source Clock:      clk_in rising
  Destination Clock: clk_in rising

  Data Path: CLK_1hz/count_3 to CLK_1hz/count_12
                                Gate     Net
    Cell:in->out      fanout   Delay   Delay  Logical Name (Net Name)
    ----------------------------------------  ------------
     FDC:C->Q              2   0.447   0.981  CLK_1hz/count_3 (CLK_1hz/count_3)
     LUT6:I0->O            2   0.203   0.864  CLK_1hz/GND_2_o_GND_2_o_equal_1_o<25>2 (CLK_1hz/GND_2_o_GND_2_o_equal_1_o<25>1)
     LUT6:I2->O           14   0.203   0.958  CLK_1hz/GND_2_o_GND_2_o_equal_1_o<25>6 (CLK_1hz/GND_2_o_GND_2_o_equal_1_o)
     LUT2:I1->O            1   0.205   0.000  CLK_1hz/Mcount_count_eqn_251 (CLK_1hz/Mcount_count_eqn_25)
     FDC:D                     0.102          CLK_1hz/count_25
    ----------------------------------------
    Total                      3.964ns (1.160ns logic, 2.804ns route)
                                       (29.3% logic, 70.7% route)

=========================================================================
Timing constraint: Default OFFSET IN BEFORE for Clock 'clk_in'
  Total number of paths / destination ports: 27 / 27
-------------------------------------------------------------------------
Offset:              2.872ns (Levels of Logic = 1)
  Source:            reset (PAD)
  Destination:       CLK_1hz/clk_out (FF)
  Destination Clock: clk_in rising

  Data Path: reset to CLK_1hz/clk_out
                                Gate     Net
    Cell:in->out      fanout   Delay   Delay  Logical Name (Net Name)
    ----------------------------------------  ------------
     IBUF:I->O            27   1.222   1.220  reset_IBUF (reset_IBUF)
     FDC:CLR                   0.430          CLK_1hz/clk_out
    ----------------------------------------
    Total                      2.872ns (1.652ns logic, 1.220ns route)
                                       (57.5% logic, 42.5% route)

=========================================================================
Timing constraint: Default OFFSET IN BEFORE for Clock 'CLK_1hz/clk_out'
  Total number of paths / destination ports: 1 / 1
-------------------------------------------------------------------------
Offset:              2.337ns (Levels of Logic = 2)
  Source:            Direction (PAD)
  Destination:       states_FSM_FFd1 (FF)
  Destination Clock: CLK_1hz/clk_out rising

  Data Path: Direction to states_FSM_FFd1
                                Gate     Net
    Cell:in->out      fanout   Delay   Delay  Logical Name (Net Name)
    ----------------------------------------  ------------
     IBUF:I->O             1   1.222   0.808  Direction_IBUF (Direction_IBUF)
     LUT3:I0->O            1   0.205   0.000  states_FSM_FFd1-In21 (states_FSM_FFd1-In)
     FDR:D                     0.102          states_FSM_FFd1
    ----------------------------------------
    Total                      2.337ns (1.529ns logic, 0.808ns route)
                                       (65.4% logic, 34.6% route)

=========================================================================
Timing constraint: Default OFFSET OUT AFTER for Clock 'CLK_1hz/clk_out'
  Total number of paths / destination ports: 2 / 2
-------------------------------------------------------------------------
Offset:              3.597ns (Levels of Logic = 1)
  Source:            led_reg_1 (FF)
  Destination:       LED<1> (PAD)
  Source Clock:      CLK_1hz/clk_out rising

  Data Path: led_reg_1 to LED<1>
                                Gate     Net
    Cell:in->out      fanout   Delay   Delay  Logical Name (Net Name)
    ----------------------------------------  ------------
     FD:C->Q               1   0.447   0.579  led_reg_1 (led_reg_1)
     OBUF:I->O                 2.571          LED_1_OBUF (LED<1>)
    ----------------------------------------
    Total                      3.597ns (3.018ns logic, 0.579ns route)
                                       (83.9% logic, 16.1% route)

=========================================================================

Cross Clock Domains Report:
--------------------------

Clock to Setup on destination clock CLK_1hz/clk_out
---------------+---------+---------+---------+---------+
               | Src:Rise| Src:Fall| Src:Rise| Src:Fall|
Source Clock   |Dest:Rise|Dest:Rise|Dest:Fall|Dest:Fall|
---------------+---------+---------+---------+---------+
CLK_1hz/clk_out|    2.016|         |         |         |
---------------+---------+---------+---------+---------+

Clock to Setup on destination clock clk_in
---------------+---------+---------+---------+---------+
               | Src:Rise| Src:Fall| Src:Rise| Src:Fall|
Source Clock   |Dest:Rise|Dest:Rise|Dest:Fall|Dest:Fall|
---------------+---------+---------+---------+---------+
clk_in         |    3.964|         |         |         |
---------------+---------+---------+---------+---------+

=========================================================================


Total REAL time to Xst completion: 6.00 secs
Total CPU time to Xst completion: 3.70 secs
 
--> 


Total memory usage is 378480 kilobytes

Number of errors   :    0 (   0 filtered)
Number of warnings :    0 (   0 filtered)
Number of infos    :    1 (   0 filtered)

