iMPACT Version: 14.7

iMPACT log file Started on Mon May  6 11:24:48 2024

Welcome to iMPACT
iMPACT Version: 14.7
Project: '/home/yuan/Desktop/FPGA/button//auto_project.ipf' already exists.
Original project has been renamed to'/home/yuan/Desktop/FPGA/button//auto_project_1.ipf'.
Project: /home/yuan/Desktop/FPGA/button//auto_project.ipf created.
// *** BATCH CMD : setMode -bs
GUI --- Auto connect to cable...
// *** BATCH CMD : setCable -port auto
INFO:iMPACT - Digilent Plugin: Plugin Version: 2.4.4
INFO:iMPACT - Digilent Plugin: no JTAG device was found.
AutoDetecting cable. Please wait.
*** WARNING ***: When port is set to auto detect mode, cable speed is set todefault 6 MHz regardless of explicit arguments supplied for setting the baudrates
PROGRESS_START - Starting Operation.
If you are using the Platform Cable USB, please refer to the USB CableInstallation Guide (UG344) to install the libusb package.
 Using windrvr6 driver.
Connecting to cable (Usb Port - USB21).
Checking cable driver.
File version of /opt/Xilinx/14.7/ISE_DS/ISE/bin/lin64/xusbdfwu.hex = 1030.
File version of /etc/hotplug/usb/xusbdfwu.fw/xusbdfwu.hex = 1030.
 libusb-driver.so version: 2024-05-06 09:20:34.
Cable connection failed.
Connecting to cable (Parallel Port - parport0).
 libusb-driver.so version: 2024-05-06 09:20:34.
 parport0: 
 parport1: 
 parport2: 
 parport3: 
 LPT1 Base Address set from env variable = 0.
 LPT base address = 0000h.
 LPT1 Ecp Address set from env variable = 400.
 ECP base address = 0400h.
LPT port is already in use. rc = FFFFFFFFh
Cable connection failed.
Connecting to cable (Parallel Port - parport1).
 libusb-driver.so version: 2024-05-06 09:20:34.
 LPT2 Base Address set from env variable = 10.
 LPT base address = 0010h.
 LPT2 Ecp Address set from env variable = 410.
 ECP base address = 0410h.
LPT port is already in use. rc = FFFFFFFFh
Cable connection failed.
Connecting to cable (Parallel Port - parport2).
 libusb-driver.so version: 2024-05-06 09:20:34.
 LPT3 Base Address set from env variable = 20.
 LPT base address = 0020h.
 LPT3 Ecp Address set from env variable = 420.
 ECP base address = 0420h.
LPT port is already in use. rc = FFFFFFFFh
Cable connection failed.
Connecting to cable (Parallel Port - parport3).
 libusb-driver.so version: 2024-05-06 09:20:34.
 LPT4 Base Address set from env variable = 30.
 LPT base address = 0030h.
 LPT4 Ecp Address set from env variable = 430.
 ECP base address = 0430h.
LPT port is already in use. rc = FFFFFFFFh
Cable connection failed.
PROGRESS_END - End Operation.
Elapsed time =      3 sec.
Cable autodetection failed.
WARNING:iMPACT:923 - Can not find cable, check cable setup !// *** BATCH CMD : addDevice -p 1 -file"/home/yuan/Desktop/FPGA/button/button.bit"
'1': Loading file '/home/yuan/Desktop/FPGA/button/button.bit' ...
done.
INFO:iMPACT:1777 - 
   Reading /opt/Xilinx/14.7/ISE_DS/ISE/spartan6/data/xc6slx16.bsd...
INFO:iMPACT:2257 - Startup Clock has been changed to 'JtagClk' in the bitstream   stored in memory,
   but the original bitstream file remains unchanged.
UserID read from the bitstream file = 0xFFFFFFFF.
Data width read from the bitstream file = 1.
INFO:iMPACT:501 - '1': Added Device xc6slx16 successfully.
----------------------------------------------------------------------
GUI --- Auto connect to cable...
// *** BATCH CMD : setCable -port auto
INFO:iMPACT - Digilent Plugin: Plugin Version: 2.4.4
INFO:iMPACT - Digilent Plugin: no JTAG device was found.
AutoDetecting cable. Please wait.
*** WARNING ***: When port is set to auto detect mode, cable speed is set todefault 6 MHz regardless of explicit arguments supplied for setting the baudrates
PROGRESS_START - Starting Operation.
If you are using the Platform Cable USB, please refer to the USB CableInstallation Guide (UG344) to install the libusb package.
 Using windrvr6 driver.
Connecting to cable (Usb Port - USB21).
Checking cable driver.
File version of /opt/Xilinx/14.7/ISE_DS/ISE/bin/lin64/xusbdfwu.hex = 1030.
File version of /etc/hotplug/usb/xusbdfwu.fw/xusbdfwu.hex = 1030.
 libusb-driver.so version: 2024-05-06 09:20:34.
Cable connection failed.
Connecting to cable (Parallel Port - parport0).
 libusb-driver.so version: 2024-05-06 09:20:34.
 LPT1 Base Address set from env variable = 0.
 LPT base address = 0000h.
 LPT1 Ecp Address set from env variable = 400.
 ECP base address = 0400h.
LPT port is already in use. rc = FFFFFFFFh
Cable connection failed.
Connecting to cable (Parallel Port - parport1).
 libusb-driver.so version: 2024-05-06 09:20:34.
 LPT2 Base Address set from env variable = 10.
 LPT base address = 0010h.
 LPT2 Ecp Address set from env variable = 410.
 ECP base address = 0410h.
LPT port is already in use. rc = FFFFFFFFh
Cable connection failed.
Connecting to cable (Parallel Port - parport2).
 libusb-driver.so version: 2024-05-06 09:20:34.
 LPT3 Base Address set from env variable = 20.
 LPT base address = 0020h.
 LPT3 Ecp Address set from env variable = 420.
 ECP base address = 0420h.
LPT port is already in use. rc = FFFFFFFFh
Cable connection failed.
Connecting to cable (Parallel Port - parport3).
 libusb-driver.so version: 2024-05-06 09:20:34.
 LPT4 Base Address set from env variable = 30.
 LPT base address = 0030h.
 LPT4 Ecp Address set from env variable = 430.
 ECP base address = 0430h.
LPT port is already in use. rc = FFFFFFFFh
Cable connection failed.
PROGRESS_END - End Operation.
Elapsed time =      2 sec.
Cable autodetection failed.
WARNING:iMPACT:923 - Can not find cable, check cable setup !Project: '/home/yuan/Desktop/FPGA/button//auto_project.ipf' created.
// *** BATCH CMD : setMode -bs
// *** BATCH CMD : setMode -ss
// *** BATCH CMD : setMode -sm
// *** BATCH CMD : setMode -hw140
// *** BATCH CMD : setMode -spi
// *** BATCH CMD : setMode -acecf
// *** BATCH CMD : setMode -acempm
// *** BATCH CMD : setMode -pff
// *** BATCH CMD : setMode -bs
// *** BATCH CMD : saveProjectFile -file"/home/yuan/Desktop/FPGA/button//auto_project.ipf"
INFO:iMPACT - User_EnvOsname: 'Ubuntu'
INFO:iMPACT - User_EnvOsrelease: 'Ubuntu 22.04.4 LTS'
// *** BATCH CMD : setMode -bs
INFO:iMPACT - Launching WebTalk, please refer to the webtalk log at   /home/yuan/Desktop/FPGA/button/webtalk.log for details.
INFO:iMPACT - Running wbtc successfully.
// *** BATCH CMD : setMode -bs
// *** BATCH CMD : deleteDevice -position 1
// *** BATCH CMD : setMode -bs
// *** BATCH CMD : setMode -ss
// *** BATCH CMD : setMode -sm
// *** BATCH CMD : setMode -hw140
// *** BATCH CMD : setMode -spi
// *** BATCH CMD : setMode -acecf
// *** BATCH CMD : setMode -acempm
// *** BATCH CMD : setMode -pff
