Release 14.7 - xst P.20131013 (lin64)
Copyright (c) 1995-2013 Xilinx, Inc.  All rights reserved.
--> 
Parameter TMPDIR set to xst/projnav.tmp


Total REAL time to Xst completion: 1.00 secs
Total CPU time to Xst completion: 0.03 secs
 
--> 
Parameter xsthdpdir set to xst


Total REAL time to Xst completion: 1.00 secs
Total CPU time to Xst completion: 0.03 secs
 
--> 
Reading design: button.prj

TABLE OF CONTENTS
  1) Synthesis Options Summary
  2) HDL Parsing
  3) HDL Elaboration
  4) HDL Synthesis
       4.1) HDL Synthesis Report
  5) Advanced HDL Synthesis
       5.1) Advanced HDL Synthesis Report
  6) Low Level Synthesis
  7) Partition Report
  8) Design Summary
       8.1) Primitive and Black Box Usage
       8.2) Device utilization summary
       8.3) Partition Resource Summary
       8.4) Timing Report
            8.4.1) Clock Information
            8.4.2) Asynchronous Control Signals Information
            8.4.3) Timing Summary
            8.4.4) Timing Details
            8.4.5) Cross Clock Domains Report


=========================================================================
*                      Synthesis Options Summary                        *
=========================================================================
---- Source Parameters
Input File Name                    : "button.prj"
Ignore Synthesis Constraint File   : NO

---- Target Parameters
Output File Name                   : "button"
Output Format                      : NGC
Target Device                      : xc7a100t-3-csg324

---- Source Options
Top Module Name                    : button
Automatic FSM Extraction           : YES
FSM Encoding Algorithm             : Auto
Safe Implementation                : No
FSM Style                          : LUT
RAM Extraction                     : Yes
RAM Style                          : Auto
ROM Extraction                     : Yes
Shift Register Extraction          : YES
ROM Style                          : Auto
Resource Sharing                   : YES
Asynchronous To Synchronous        : NO
Shift Register Minimum Size        : 2
Use DSP Block                      : Auto
Automatic Register Balancing       : No

---- Target Options
LUT Combining                      : Auto
Reduce Control Sets                : Auto
Add IO Buffers                     : YES
Global Maximum Fanout              : 100000
Add Generic Clock Buffer(BUFG)     : 32
Register Duplication               : YES
Optimize Instantiated Primitives   : NO
Use Clock Enable                   : Auto
Use Synchronous Set                : Auto
Use Synchronous Reset              : Auto
Pack IO Registers into IOBs        : Auto
Equivalent register Removal        : YES

---- General Options
Optimization Goal                  : Speed
Optimization Effort                : 1
Power Reduction                    : NO
Keep Hierarchy                     : No
Netlist Hierarchy                  : As_Optimized
RTL Output                         : Yes
Global Optimization                : AllClockNets
Read Cores                         : YES
Write Timing Constraints           : NO
Cross Clock Analysis               : NO
Hierarchy Separator                : /
Bus Delimiter                      : <>
Case Specifier                     : Maintain
Slice Utilization Ratio            : 100
BRAM Utilization Ratio             : 100
DSP48 Utilization Ratio            : 100
Auto BRAM Packing                  : NO
Slice Utilization Ratio Delta      : 5

=========================================================================


=========================================================================
*                          HDL Parsing                                  *
=========================================================================
Analyzing Verilog file "/home/yuan/Desktop/fgpa/button/freq_divider.v" into library work
Parsing module <freq_divider>.
Analyzing Verilog file "/home/yuan/Desktop/fgpa/button/button.v" into library work
Parsing module <button>.

=========================================================================
*                            HDL Elaboration                            *
=========================================================================

Elaborating module <button>.

Elaborating module <freq_divider>.

=========================================================================
*                           HDL Synthesis                               *
=========================================================================

Synthesizing Unit <button>.
    Related source file is "/home/yuan/Desktop/fgpa/button/button.v".
    Found 4-bit register for signal <led_reg>.
    Summary:
	inferred   4 D-type flip-flop(s).
Unit <button> synthesized.

Synthesizing Unit <freq_divider>.
    Related source file is "/home/yuan/Desktop/fgpa/button/freq_divider.v".
        N = 1350000
    Found 26-bit register for signal <count>.
    Found 1-bit register for signal <clk_out>.
    Found 26-bit adder for signal <count[25]_GND_2_o_add_1_OUT> created at line 36.
    Found 26-bit comparator greater for signal <count[25]_GND_2_o_LessThan_5_o> created at line 42
    Summary:
	inferred   1 Adder/Subtractor(s).
	inferred  27 D-type flip-flop(s).
	inferred   1 Comparator(s).
	inferred   1 Multiplexer(s).
Unit <freq_divider> synthesized.

=========================================================================
HDL Synthesis Report

Macro Statistics
# Adders/Subtractors                                   : 1
 26-bit adder                                          : 1
# Registers                                            : 3
 1-bit register                                        : 1
 26-bit register                                       : 1
 4-bit register                                        : 1
# Comparators                                          : 1
 26-bit comparator greater                             : 1
# Multiplexers                                         : 1
 26-bit 2-to-1 multiplexer                             : 1

=========================================================================

=========================================================================
*                       Advanced HDL Synthesis                          *
=========================================================================


Synthesizing (advanced) Unit <freq_divider>.
The following registers are absorbed into counter <count>: 1 register on signal <count>.
Unit <freq_divider> synthesized (advanced).

=========================================================================
Advanced HDL Synthesis Report

Macro Statistics
# Counters                                             : 1
 26-bit up counter                                     : 1
# Registers                                            : 5
 Flip-Flops                                            : 5
# Comparators                                          : 1
 26-bit comparator greater                             : 1

=========================================================================

=========================================================================
*                         Low Level Synthesis                           *
=========================================================================

Optimizing unit <button> ...
WARNING:Xst:1710 - FF/Latch <clk_1hz/count_21> (without init value) has a constant value of 0 in block <button>. This FF/Latch will be trimmed during the optimization process.
WARNING:Xst:1895 - Due to other FF/Latch trimming, FF/Latch <clk_1hz/count_22> (without init value) has a constant value of 0 in block <button>. This FF/Latch will be trimmed during the optimization process.
WARNING:Xst:1895 - Due to other FF/Latch trimming, FF/Latch <clk_1hz/count_23> (without init value) has a constant value of 0 in block <button>. This FF/Latch will be trimmed during the optimization process.
WARNING:Xst:1895 - Due to other FF/Latch trimming, FF/Latch <clk_1hz/count_24> (without init value) has a constant value of 0 in block <button>. This FF/Latch will be trimmed during the optimization process.
WARNING:Xst:1895 - Due to other FF/Latch trimming, FF/Latch <clk_1hz/count_25> (without init value) has a constant value of 0 in block <button>. This FF/Latch will be trimmed during the optimization process.

Mapping all equations...
Building and optimizing final netlist ...
Found area constraint ratio of 100 (+ 5) on block button, actual ratio is 0.

Final Macro Processing ...

=========================================================================
Final Register Report

Macro Statistics
# Registers                                            : 26
 Flip-Flops                                            : 26

=========================================================================

=========================================================================
*                           Partition Report                            *
=========================================================================

Partition Implementation Status
-------------------------------

  No Partitions were found in this design.

-------------------------------

=========================================================================
*                            Design Summary                             *
=========================================================================

Top Level Output File Name         : button.ngc

Primitive and Black Box Usage:
------------------------------
# BELS                             : 107
#      GND                         : 1
#      INV                         : 1
#      LUT1                        : 20
#      LUT2                        : 22
#      LUT3                        : 2
#      LUT4                        : 2
#      LUT5                        : 7
#      LUT6                        : 4
#      MUXCY                       : 26
#      VCC                         : 1
#      XORCY                       : 21
# FlipFlops/Latches                : 26
#      FD                          : 4
#      FDC                         : 22
# Clock Buffers                    : 1
#      BUFGP                       : 1
# IO Buffers                       : 9
#      IBUF                        : 5
#      OBUF                        : 4

Device utilization summary:
---------------------------

Selected Device : 7a100tcsg324-3 


Slice Logic Utilization: 
 Number of Slice Registers:              24  out of  126800     0%  
 Number of Slice LUTs:                   58  out of  63400     0%  
    Number used as Logic:                58  out of  63400     0%  

Slice Logic Distribution: 
 Number of LUT Flip Flop pairs used:     59
   Number with an unused Flip Flop:      35  out of     59    59%  
   Number with an unused LUT:             1  out of     59     1%  
   Number of fully used LUT-FF pairs:    23  out of     59    38%  
   Number of unique control sets:         2

IO Utilization: 
 Number of IOs:                          10
 Number of bonded IOBs:                  10  out of    210     4%  
    IOB Flip Flops/Latches:               2

Specific Feature Utilization:
 Number of BUFG/BUFGCTRLs:                1  out of     32     3%  

---------------------------
Partition Resource Summary:
---------------------------

  No Partitions were found in this design.

---------------------------


=========================================================================
Timing Report

NOTE: THESE TIMING NUMBERS ARE ONLY A SYNTHESIS ESTIMATE.
      FOR ACCURATE TIMING INFORMATION PLEASE REFER TO THE TRACE REPORT
      GENERATED AFTER PLACE-and-ROUTE.

Clock Information:
------------------
-----------------------------------+------------------------+-------+
Clock Signal                       | Clock buffer(FF name)  | Load  |
-----------------------------------+------------------------+-------+
clk                                | BUFGP                  | 26    |
-----------------------------------+------------------------+-------+

Asynchronous Control Signals Information:
----------------------------------------
No asynchronous control signals found in this design

Timing Summary:
---------------
Speed Grade: -3

   Minimum period: 2.356ns (Maximum Frequency: 424.484MHz)
   Minimum input arrival time before clock: 0.803ns
   Maximum output required time after clock: 0.640ns
   Maximum combinational path delay: No path found

Timing Details:
---------------
All values displayed in nanoseconds (ns)

=========================================================================
Timing constraint: Default period analysis for Clock 'clk'
  Clock period: 2.356ns (frequency: 424.484MHz)
  Total number of paths / destination ports: 707 / 24
-------------------------------------------------------------------------
Delay:               2.356ns (Levels of Logic = 21)
  Source:            clk_1hz/count_0 (FF)
  Destination:       clk_1hz/count_18 (FF)
  Source Clock:      clk rising
  Destination Clock: clk rising

  Data Path: clk_1hz/count_0 to clk_1hz/count_18
                                Gate     Net
    Cell:in->out      fanout   Delay   Delay  Logical Name (Net Name)
    ----------------------------------------  ------------
     FDC:C->Q              2   0.361   0.283  clk_1hz/count_0 (clk_1hz/count_0)
     INV:I->O              1   0.113   0.000  clk_1hz/Mcount_count_lut<0>_INV_0 (clk_1hz/Mcount_count_lut<0>)
     MUXCY:S->O            1   0.353   0.000  clk_1hz/Mcount_count_cy<0> (clk_1hz/Mcount_count_cy<0>)
     MUXCY:CI->O           1   0.023   0.000  clk_1hz/Mcount_count_cy<1> (clk_1hz/Mcount_count_cy<1>)
     MUXCY:CI->O           1   0.023   0.000  clk_1hz/Mcount_count_cy<2> (clk_1hz/Mcount_count_cy<2>)
     MUXCY:CI->O           1   0.023   0.000  clk_1hz/Mcount_count_cy<3> (clk_1hz/Mcount_count_cy<3>)
     MUXCY:CI->O           1   0.023   0.000  clk_1hz/Mcount_count_cy<4> (clk_1hz/Mcount_count_cy<4>)
     MUXCY:CI->O           1   0.023   0.000  clk_1hz/Mcount_count_cy<5> (clk_1hz/Mcount_count_cy<5>)
     MUXCY:CI->O           1   0.023   0.000  clk_1hz/Mcount_count_cy<6> (clk_1hz/Mcount_count_cy<6>)
     MUXCY:CI->O           1   0.023   0.000  clk_1hz/Mcount_count_cy<7> (clk_1hz/Mcount_count_cy<7>)
     MUXCY:CI->O           1   0.023   0.000  clk_1hz/Mcount_count_cy<8> (clk_1hz/Mcount_count_cy<8>)
     MUXCY:CI->O           1   0.023   0.000  clk_1hz/Mcount_count_cy<9> (clk_1hz/Mcount_count_cy<9>)
     MUXCY:CI->O           1   0.023   0.000  clk_1hz/Mcount_count_cy<10> (clk_1hz/Mcount_count_cy<10>)
     MUXCY:CI->O           1   0.023   0.000  clk_1hz/Mcount_count_cy<11> (clk_1hz/Mcount_count_cy<11>)
     MUXCY:CI->O           1   0.023   0.000  clk_1hz/Mcount_count_cy<12> (clk_1hz/Mcount_count_cy<12>)
     MUXCY:CI->O           1   0.023   0.000  clk_1hz/Mcount_count_cy<13> (clk_1hz/Mcount_count_cy<13>)
     MUXCY:CI->O           1   0.023   0.000  clk_1hz/Mcount_count_cy<14> (clk_1hz/Mcount_count_cy<14>)
     MUXCY:CI->O           1   0.023   0.000  clk_1hz/Mcount_count_cy<15> (clk_1hz/Mcount_count_cy<15>)
     MUXCY:CI->O           1   0.023   0.000  clk_1hz/Mcount_count_cy<16> (clk_1hz/Mcount_count_cy<16>)
     MUXCY:CI->O           1   0.023   0.000  clk_1hz/Mcount_count_cy<17> (clk_1hz/Mcount_count_cy<17>)
     XORCY:CI->O           1   0.370   0.379  clk_1hz/Mcount_count_xor<18> (Result<18>)
     LUT2:I0->O            1   0.097   0.000  clk_1hz/Mcount_count_eqn_181 (clk_1hz/Mcount_count_eqn_18)
     FDC:D                     0.008          clk_1hz/count_18
    ----------------------------------------
    Total                      2.356ns (1.693ns logic, 0.663ns route)
                                       (71.9% logic, 28.1% route)

=========================================================================
Timing constraint: Default OFFSET IN BEFORE for Clock 'clk'
  Total number of paths / destination ports: 38 / 26
-------------------------------------------------------------------------
Offset:              0.803ns (Levels of Logic = 2)
  Source:            BUTTON1 (PAD)
  Destination:       led_reg_0 (FF)
  Destination Clock: clk rising

  Data Path: BUTTON1 to led_reg_0
                                Gate     Net
    Cell:in->out      fanout   Delay   Delay  Logical Name (Net Name)
    ----------------------------------------  ------------
     IBUF:I->O             4   0.001   0.697  BUTTON1_IBUF (BUTTON1_IBUF)
     LUT5:I0->O            1   0.097   0.000  BUTTON3_GND_1_o_select_8_OUT<1>1 (BUTTON3_GND_1_o_select_8_OUT<3>)
     FD:D                      0.008          led_reg_3
    ----------------------------------------
    Total                      0.803ns (0.106ns logic, 0.697ns route)
                                       (13.2% logic, 86.8% route)

=========================================================================
Timing constraint: Default OFFSET OUT AFTER for Clock 'clk'
  Total number of paths / destination ports: 4 / 4
-------------------------------------------------------------------------
Offset:              0.640ns (Levels of Logic = 1)
  Source:            led_reg_0 (FF)
  Destination:       LED0 (PAD)
  Source Clock:      clk rising

  Data Path: led_reg_0 to LED0
                                Gate     Net
    Cell:in->out      fanout   Delay   Delay  Logical Name (Net Name)
    ----------------------------------------  ------------
     FD:C->Q               1   0.361   0.279  led_reg_0 (led_reg_0)
     OBUF:I->O                 0.000          LED0_OBUF (LED0)
    ----------------------------------------
    Total                      0.640ns (0.361ns logic, 0.279ns route)
                                       (56.4% logic, 43.6% route)

=========================================================================

Cross Clock Domains Report:
--------------------------

Clock to Setup on destination clock clk
---------------+---------+---------+---------+---------+
               | Src:Rise| Src:Fall| Src:Rise| Src:Fall|
Source Clock   |Dest:Rise|Dest:Rise|Dest:Fall|Dest:Fall|
---------------+---------+---------+---------+---------+
clk            |    2.356|         |         |         |
---------------+---------+---------+---------+---------+

=========================================================================


Total REAL time to Xst completion: 8.00 secs
Total CPU time to Xst completion: 5.41 secs
 
--> 


Total memory usage is 494124 kilobytes

Number of errors   :    0 (   0 filtered)
Number of warnings :    5 (   0 filtered)
Number of infos    :    0 (   0 filtered)

