ISim log file
Running: /home/yuan/Desktop/FPGA/traffic_light/traffic_light_tb_isim_beh.exe -intstyle ise -gui -tclbatch isim.cmd -wdb /home/yuan/Desktop/FPGA/traffic_light/traffic_light_tb_isim_beh.wdb 
ISim P.20131013 (signature 0xfbc00daa)
WARNING: A WEBPACK license was found.
WARNING: Please use Xilinx License Configuration Manager to check out a full ISim license.
WARNING: ISim will run in Lite mode. Please refer to the ISim documentation for more information on the differences between the Lite and the Full version.
This is a Lite version of ISim.
Time resolution is 1 ps
# onerror resume
# wave add /
# run 1000 ns
Simulator is doing circuit initialization process.
Finished circuit initialization process.
# run 1.00us
# run all
Stopped at time : 12762167 ns : File "/home/yuan/Desktop/FPGA/traffic_light/freq_divider.v" Line 37
# run all
Stopped at time : 24983315 ns : File "/home/yuan/Desktop/FPGA/traffic_light/traffic_light_tb.v" Line 65
# run 100ns
# run 100ns
# run 100ms
Stopped at time : 113479496 ns : File "/home/yuan/Desktop/FPGA/traffic_light/traffic_light_tb.v" Line 65
# run 10s
Stopped at time : 193306541 ns : File "/home/yuan/Desktop/FPGA/traffic_light/freq_divider.v" Line 31
# restart
# exit 0
