Release 14.7 - xst P.20131013 (lin64)
Copyright (c) 1995-2013 Xilinx, Inc.  All rights reserved.
--> 
Parameter TMPDIR set to xst/projnav.tmp


Total REAL time to Xst completion: 0.00 secs
Total CPU time to Xst completion: 0.04 secs
 
--> 
Parameter xsthdpdir set to xst


Total REAL time to Xst completion: 0.00 secs
Total CPU time to Xst completion: 0.04 secs
 
--> 
Reading design: traffic_light.prj

TABLE OF CONTENTS
  1) Synthesis Options Summary
  2) HDL Parsing
  3) HDL Elaboration
  4) HDL Synthesis
       4.1) HDL Synthesis Report
  5) Advanced HDL Synthesis
       5.1) Advanced HDL Synthesis Report
  6) Low Level Synthesis
  7) Partition Report
  8) Design Summary
       8.1) Primitive and Black Box Usage
       8.2) Device utilization summary
       8.3) Partition Resource Summary
       8.4) Timing Report
            8.4.1) Clock Information
            8.4.2) Asynchronous Control Signals Information
            8.4.3) Timing Summary
            8.4.4) Timing Details
            8.4.5) Cross Clock Domains Report


=========================================================================
*                      Synthesis Options Summary                        *
=========================================================================
---- Source Parameters
Input File Name                    : "traffic_light.prj"
Ignore Synthesis Constraint File   : NO

---- Target Parameters
Output File Name                   : "traffic_light"
Output Format                      : NGC
Target Device                      : xc6slx16-3-csg324

---- Source Options
Top Module Name                    : traffic_light
Automatic FSM Extraction           : YES
FSM Encoding Algorithm             : Auto
Safe Implementation                : No
FSM Style                          : LUT
RAM Extraction                     : Yes
RAM Style                          : Auto
ROM Extraction                     : Yes
Shift Register Extraction          : YES
ROM Style                          : Auto
Resource Sharing                   : YES
Asynchronous To Synchronous        : NO
Shift Register Minimum Size        : 2
Use DSP Block                      : Auto
Automatic Register Balancing       : No

---- Target Options
LUT Combining                      : Auto
Reduce Control Sets                : Auto
Add IO Buffers                     : YES
Global Maximum Fanout              : 100000
Add Generic Clock Buffer(BUFG)     : 16
Register Duplication               : YES
Optimize Instantiated Primitives   : NO
Use Clock Enable                   : Auto
Use Synchronous Set                : Auto
Use Synchronous Reset              : Auto
Pack IO Registers into IOBs        : Auto
Equivalent register Removal        : YES

---- General Options
Optimization Goal                  : Speed
Optimization Effort                : 1
Power Reduction                    : NO
Keep Hierarchy                     : No
Netlist Hierarchy                  : As_Optimized
RTL Output                         : Yes
Global Optimization                : AllClockNets
Read Cores                         : YES
Write Timing Constraints           : NO
Cross Clock Analysis               : NO
Hierarchy Separator                : /
Bus Delimiter                      : <>
Case Specifier                     : Maintain
Slice Utilization Ratio            : 100
BRAM Utilization Ratio             : 100
DSP48 Utilization Ratio            : 100
Auto BRAM Packing                  : NO
Slice Utilization Ratio Delta      : 5

=========================================================================


=========================================================================
*                          HDL Parsing                                  *
=========================================================================
Analyzing Verilog file "/home/yuan/Desktop/FPGA/traffic_light/freq_divider.v" into library work
Parsing module <freq_divider>.
Analyzing Verilog file "/home/yuan/Desktop/FPGA/traffic_light/traffic_light.v" into library work
Parsing module <traffic_light>.

=========================================================================
*                            HDL Elaboration                            *
=========================================================================

Elaborating module <traffic_light>.

Elaborating module <freq_divider>.

=========================================================================
*                           HDL Synthesis                               *
=========================================================================

Synthesizing Unit <traffic_light>.
    Related source file is "/home/yuan/Desktop/FPGA/traffic_light/traffic_light.v".
    Found 4-bit register for signal <led_reg>.
    Found 4-bit register for signal <states>.
    Found 4-bit adder for signal <states[3]_GND_1_o_add_2_OUT> created at line 46.
    Summary:
	inferred   1 Adder/Subtractor(s).
	inferred   8 D-type flip-flop(s).
	inferred   8 Multiplexer(s).
Unit <traffic_light> synthesized.

Synthesizing Unit <freq_divider>.
    Related source file is "/home/yuan/Desktop/FPGA/traffic_light/freq_divider.v".
        N = 2700000
    Found 26-bit register for signal <count>.
    Found 1-bit register for signal <clk_out>.
    Found 26-bit adder for signal <count[25]_GND_2_o_add_1_OUT> created at line 37.
    Found 26-bit comparator greater for signal <count[25]_GND_2_o_LessThan_5_o> created at line 43
    Summary:
	inferred   1 Adder/Subtractor(s).
	inferred  27 D-type flip-flop(s).
	inferred   1 Comparator(s).
	inferred   1 Multiplexer(s).
Unit <freq_divider> synthesized.

=========================================================================
HDL Synthesis Report

Macro Statistics
# Adders/Subtractors                                   : 2
 26-bit adder                                          : 1
 4-bit adder                                           : 1
# Registers                                            : 4
 1-bit register                                        : 1
 26-bit register                                       : 1
 4-bit register                                        : 2
# Comparators                                          : 1
 26-bit comparator greater                             : 1
# Multiplexers                                         : 9
 26-bit 2-to-1 multiplexer                             : 1
 4-bit 2-to-1 multiplexer                              : 8

=========================================================================

=========================================================================
*                       Advanced HDL Synthesis                          *
=========================================================================


Synthesizing (advanced) Unit <freq_divider>.
The following registers are absorbed into counter <count>: 1 register on signal <count>.
Unit <freq_divider> synthesized (advanced).

Synthesizing (advanced) Unit <traffic_light>.
The following registers are absorbed into counter <states>: 1 register on signal <states>.
Unit <traffic_light> synthesized (advanced).

=========================================================================
Advanced HDL Synthesis Report

Macro Statistics
# Counters                                             : 2
 26-bit up counter                                     : 1
 4-bit up counter                                      : 1
# Registers                                            : 5
 Flip-Flops                                            : 5
# Comparators                                          : 1
 26-bit comparator greater                             : 1
# Multiplexers                                         : 7
 4-bit 2-to-1 multiplexer                              : 7

=========================================================================

=========================================================================
*                         Low Level Synthesis                           *
=========================================================================

Optimizing unit <traffic_light> ...

Mapping all equations...
Building and optimizing final netlist ...
Found area constraint ratio of 100 (+ 5) on block traffic_light, actual ratio is 1.

Final Macro Processing ...

=========================================================================
Final Register Report

Macro Statistics
# Registers                                            : 35
 Flip-Flops                                            : 35

=========================================================================

=========================================================================
*                           Partition Report                            *
=========================================================================

Partition Implementation Status
-------------------------------

  No Partitions were found in this design.

-------------------------------

=========================================================================
*                            Design Summary                             *
=========================================================================

Top Level Output File Name         : traffic_light.ngc

Primitive and Black Box Usage:
------------------------------
# BELS                             : 135
#      GND                         : 1
#      INV                         : 1
#      LUT1                        : 25
#      LUT2                        : 29
#      LUT3                        : 1
#      LUT4                        : 6
#      LUT5                        : 8
#      LUT6                        : 6
#      MUXCY                       : 31
#      VCC                         : 1
#      XORCY                       : 26
# FlipFlops/Latches                : 35
#      FD                          : 4
#      FDC                         : 27
#      FDR                         : 4
# Clock Buffers                    : 1
#      BUFGP                       : 1
# IO Buffers                       : 6
#      IBUF                        : 2
#      OBUF                        : 4

Device utilization summary:
---------------------------

Selected Device : 6slx16csg324-3 


Slice Logic Utilization: 
 Number of Slice Registers:              35  out of  18224     0%  
 Number of Slice LUTs:                   76  out of   9112     0%  
    Number used as Logic:                76  out of   9112     0%  

Slice Logic Distribution: 
 Number of LUT Flip Flop pairs used:     77
   Number with an unused Flip Flop:      42  out of     77    54%  
   Number with an unused LUT:             1  out of     77     1%  
   Number of fully used LUT-FF pairs:    34  out of     77    44%  
   Number of unique control sets:         3

IO Utilization: 
 Number of IOs:                           7
 Number of bonded IOBs:                   7  out of    232     3%  

Specific Feature Utilization:
 Number of BUFG/BUFGCTRLs:                1  out of     16     6%  

---------------------------
Partition Resource Summary:
---------------------------

  No Partitions were found in this design.

---------------------------


=========================================================================
Timing Report

NOTE: THESE TIMING NUMBERS ARE ONLY A SYNTHESIS ESTIMATE.
      FOR ACCURATE TIMING INFORMATION PLEASE REFER TO THE TRACE REPORT
      GENERATED AFTER PLACE-and-ROUTE.

Clock Information:
------------------
-----------------------------------+------------------------+-------+
Clock Signal                       | Clock buffer(FF name)  | Load  |
-----------------------------------+------------------------+-------+
CLK_1hz/clk_out                    | NONE(led_reg_0)        | 8     |
clk_27M                            | BUFGP                  | 27    |
-----------------------------------+------------------------+-------+
INFO:Xst:2169 - HDL ADVISOR - Some clock signals were not automatically buffered by XST with BUFG/BUFR resources. Please use the buffer_type constraint in order to insert these buffers to the clock signals to help prevent skew problems.

Asynchronous Control Signals Information:
----------------------------------------
No asynchronous control signals found in this design

Timing Summary:
---------------
Speed Grade: -3

   Minimum period: 3.993ns (Maximum Frequency: 250.445MHz)
   Minimum input arrival time before clock: 2.929ns
   Maximum output required time after clock: 3.597ns
   Maximum combinational path delay: No path found

Timing Details:
---------------
All values displayed in nanoseconds (ns)

=========================================================================
Timing constraint: Default period analysis for Clock 'CLK_1hz/clk_out'
  Clock period: 1.870ns (frequency: 534.859MHz)
  Total number of paths / destination ports: 31 / 8
-------------------------------------------------------------------------
Delay:               1.870ns (Levels of Logic = 1)
  Source:            states_3 (FF)
  Destination:       led_reg_0 (FF)
  Source Clock:      CLK_1hz/clk_out rising
  Destination Clock: CLK_1hz/clk_out rising

  Data Path: states_3 to led_reg_0
                                Gate     Net
    Cell:in->out      fanout   Delay   Delay  Logical Name (Net Name)
    ----------------------------------------  ------------
     FDR:C->Q              7   0.447   1.118  states_3 (states_3)
     LUT5:I0->O            1   0.203   0.000  states[3]_PWR_1_o_wide_mux_11_OUT<0>1 (states[3]_PWR_1_o_wide_mux_11_OUT<0>)
     FD:D                      0.102          led_reg_0
    ----------------------------------------
    Total                      1.870ns (0.752ns logic, 1.118ns route)
                                       (40.2% logic, 59.8% route)

=========================================================================
Timing constraint: Default period analysis for Clock 'clk_27M'
  Clock period: 3.993ns (frequency: 250.445MHz)
  Total number of paths / destination ports: 1068 / 27
-------------------------------------------------------------------------
Delay:               3.993ns (Levels of Logic = 3)
  Source:            CLK_1hz/count_15 (FF)
  Destination:       CLK_1hz/count_12 (FF)
  Source Clock:      clk_27M rising
  Destination Clock: clk_27M rising

  Data Path: CLK_1hz/count_15 to CLK_1hz/count_12
                                Gate     Net
    Cell:in->out      fanout   Delay   Delay  Logical Name (Net Name)
    ----------------------------------------  ------------
     FDC:C->Q              4   0.447   1.028  CLK_1hz/count_15 (CLK_1hz/count_15)
     LUT6:I1->O            2   0.203   0.845  CLK_1hz/GND_2_o_GND_2_o_equal_1_o<25>3 (CLK_1hz/GND_2_o_GND_2_o_equal_1_o<25>2)
     LUT6:I3->O           14   0.205   0.958  CLK_1hz/GND_2_o_GND_2_o_equal_1_o<25>6 (CLK_1hz/GND_2_o_GND_2_o_equal_1_o)
     LUT2:I1->O            1   0.205   0.000  CLK_1hz/Mcount_count_eqn_251 (CLK_1hz/Mcount_count_eqn_25)
     FDC:D                     0.102          CLK_1hz/count_25
    ----------------------------------------
    Total                      3.993ns (1.162ns logic, 2.831ns route)
                                       (29.1% logic, 70.9% route)

=========================================================================
Timing constraint: Default OFFSET IN BEFORE for Clock 'CLK_1hz/clk_out'
  Total number of paths / destination ports: 5 / 5
-------------------------------------------------------------------------
Offset:              2.929ns (Levels of Logic = 1)
  Source:            reset (PAD)
  Destination:       states_0 (FF)
  Destination Clock: CLK_1hz/clk_out rising

  Data Path: reset to states_0
                                Gate     Net
    Cell:in->out      fanout   Delay   Delay  Logical Name (Net Name)
    ----------------------------------------  ------------
     IBUF:I->O            31   1.222   1.277  reset_IBUF (reset_IBUF)
     FDR:R                     0.430          states_0
    ----------------------------------------
    Total                      2.929ns (1.652ns logic, 1.277ns route)
                                       (56.4% logic, 43.6% route)

=========================================================================
Timing constraint: Default OFFSET IN BEFORE for Clock 'clk_27M'
  Total number of paths / destination ports: 27 / 27
-------------------------------------------------------------------------
Offset:              2.929ns (Levels of Logic = 1)
  Source:            reset (PAD)
  Destination:       CLK_1hz/clk_out (FF)
  Destination Clock: clk_27M rising

  Data Path: reset to CLK_1hz/clk_out
                                Gate     Net
    Cell:in->out      fanout   Delay   Delay  Logical Name (Net Name)
    ----------------------------------------  ------------
     IBUF:I->O            31   1.222   1.277  reset_IBUF (reset_IBUF)
     FDC:CLR                   0.430          CLK_1hz/clk_out
    ----------------------------------------
    Total                      2.929ns (1.652ns logic, 1.277ns route)
                                       (56.4% logic, 43.6% route)

=========================================================================
Timing constraint: Default OFFSET OUT AFTER for Clock 'CLK_1hz/clk_out'
  Total number of paths / destination ports: 4 / 4
-------------------------------------------------------------------------
Offset:              3.597ns (Levels of Logic = 1)
  Source:            led_reg_3 (FF)
  Destination:       R (PAD)
  Source Clock:      CLK_1hz/clk_out rising

  Data Path: led_reg_3 to R
                                Gate     Net
    Cell:in->out      fanout   Delay   Delay  Logical Name (Net Name)
    ----------------------------------------  ------------
     FD:C->Q               1   0.447   0.579  led_reg_3 (led_reg_3)
     OBUF:I->O                 2.571          R_OBUF (R)
    ----------------------------------------
    Total                      3.597ns (3.018ns logic, 0.579ns route)
                                       (83.9% logic, 16.1% route)

=========================================================================

Cross Clock Domains Report:
--------------------------

Clock to Setup on destination clock CLK_1hz/clk_out
---------------+---------+---------+---------+---------+
               | Src:Rise| Src:Fall| Src:Rise| Src:Fall|
Source Clock   |Dest:Rise|Dest:Rise|Dest:Fall|Dest:Fall|
---------------+---------+---------+---------+---------+
CLK_1hz/clk_out|    1.870|         |         |         |
---------------+---------+---------+---------+---------+

Clock to Setup on destination clock clk_27M
---------------+---------+---------+---------+---------+
               | Src:Rise| Src:Fall| Src:Rise| Src:Fall|
Source Clock   |Dest:Rise|Dest:Rise|Dest:Fall|Dest:Fall|
---------------+---------+---------+---------+---------+
clk_27M        |    3.993|         |         |         |
---------------+---------+---------+---------+---------+

=========================================================================


Total REAL time to Xst completion: 5.00 secs
Total CPU time to Xst completion: 3.83 secs
 
--> 


Total memory usage is 377680 kilobytes

Number of errors   :    0 (   0 filtered)
Number of warnings :    0 (   0 filtered)
Number of infos    :    1 (   0 filtered)

