Command line:
   freq_divider_tb_isim_beh.exe
     -simmode  gui
     -simrunnum  0
     -socket  36271

Mon May  6 09:59:45 2024


 Elaboration Time: 0.03 sec

 Current Memory Usage: 183.972 Meg

 Total Signals          : 16
 Total Nets             : 16
 Total Signal Drivers   : 8
 Total Blocks           : 3
 Total Primitive Blocks : 2
 Total Processes        : 13
 Total Traceable Variables  : 23
 Total Scalar Nets and Variables : 157
Total Line Count : 34

 Total Simulation Time: 3.46 sec

 Current Memory Usage: 259.473 Meg

Mon May  6 09:59:59 2024

